<?xml version="1.0" encoding="UTF-8"?>
<!-- Generated by org.testng.reporters.JUnitXMLReporter -->
<testsuite ignored="0" hostname="DESKTOP-UFNIA1D" failures="1" tests="18" name="TestChrome" time="208.364" errors="0" timestamp="2025-01-29T10:21:54 IST">
  <testcase classname="com.swagLabs.testCases.LoginPageElementVerification" name="verifyLoginPageElements" time="0.62"/>
  <testcase classname="com.swagLabs.testCases.LoginPageFieldVerification" name="verifyLoginPageFieldVerification" time="4.585"/>
  <testcase classname="com.swagLabs.testCases.AddToCartFunctionalityTest" name="addItemsToTheCart" time="3.057"/>
  <testcase classname="com.swagLabs.testCases.LoginPageMissingCredentialsTest" name="verifyLoginWithMissingUsernameAndPassword" time="0.512"/>
  <testcase classname="com.swagLabs.testCases.LoginPageMissingCredentialsTest" name="verifyLoginWithMissingPassword" time="40.503">
    <failure type="java.lang.AssertionError" message="expected:&amp;lt;no such element: Unable to locate element: {&amp;quot;method&amp;quot;:&amp;quot;xpath&amp;quot;,&amp;quot;selector&amp;quot;:&amp;quot;//h3[text()=&amp;apos;Epic sadface: Password is required&amp;apos;]&amp;quot;}
  (Session info: chrome=132.0.6834.111)
For documentation on this error, please visit: https://www.selenium.dev/documentation/webdriver/troubleshooting/errors#no-such-element-exception
Build info: version: &amp;apos;4.15.0&amp;apos;, revision: &amp;apos;1d14b5521b&amp;apos;
System info: os.name: &amp;apos;Windows 10&amp;apos;, os.arch: &amp;apos;amd64&amp;apos;, os.version: &amp;apos;10.0&amp;apos;, java.version: &amp;apos;20.0.2&amp;apos;
Driver info: org.openqa.selenium.chrome.ChromeDriver
Command: [92f47c28097674fc5ee1f95b997a98ac, findElement {using=xpath, value=//h3[text()=&amp;apos;Epic sadface: Password is required&amp;apos;]}]
Capabilities {acceptInsecureCerts: false, browserName: chrome, browserVersion: 132.0.6834.111, chrome: {chromedriverVersion: 132.0.6834.159 (2d77d3fc445..., userDataDir: C:\Users\ADMIN\AppData\Loca...}, fedcm:accounts: true, goog:chromeOptions: {debuggerAddress: localhost:60135}, networkConnectionEnabled: false, pageLoadStrategy: normal, platformName: windows, proxy: Proxy(), se:cdp: ws://localhost:60135/devtoo..., se:cdpVersion: 132.0.6834.111, setWindowRect: true, strictFileInteractability: false, timeouts: {implicit: 0, pageLoad: 300000, script: 30000}, unhandledPromptBehavior: dismiss and notify, webauthn:extension:credBlob: true, webauthn:extension:largeBlob: true, webauthn:extension:minPinLength: true, webauthn:extension:prf: true, webauthn:virtualAuthenticators: true}
Session ID: 92f47c28097674fc5ee1f95b997a98ac&amp;gt; but was:&amp;lt;Epic sadface: Username is required&amp;gt;">
      <![CDATA[java.lang.AssertionError: expected:<no such element: Unable to locate element: {"method":"xpath","selector":"//h3[text()='Epic sadface: Password is required']"}
  (Session info: chrome=132.0.6834.111)
For documentation on this error, please visit: https://www.selenium.dev/documentation/webdriver/troubleshooting/errors#no-such-element-exception
Build info: version: '4.15.0', revision: '1d14b5521b'
System info: os.name: 'Windows 10', os.arch: 'amd64', os.version: '10.0', java.version: '20.0.2'
Driver info: org.openqa.selenium.chrome.ChromeDriver
Command: [92f47c28097674fc5ee1f95b997a98ac, findElement {using=xpath, value=//h3[text()='Epic sadface: Password is required']}]
Capabilities {acceptInsecureCerts: false, browserName: chrome, browserVersion: 132.0.6834.111, chrome: {chromedriverVersion: 132.0.6834.159 (2d77d3fc445..., userDataDir: C:\Users\ADMIN\AppData\Loca...}, fedcm:accounts: true, goog:chromeOptions: {debuggerAddress: localhost:60135}, networkConnectionEnabled: false, pageLoadStrategy: normal, platformName: windows, proxy: Proxy(), se:cdp: ws://localhost:60135/devtoo..., se:cdpVersion: 132.0.6834.111, setWindowRect: true, strictFileInteractability: false, timeouts: {implicit: 0, pageLoad: 300000, script: 30000}, unhandledPromptBehavior: dismiss and notify, webauthn:extension:credBlob: true, webauthn:extension:largeBlob: true, webauthn:extension:minPinLength: true, webauthn:extension:prf: true, webauthn:virtualAuthenticators: true}
Session ID: 92f47c28097674fc5ee1f95b997a98ac> but was:<Epic sadface: Username is required>
at com.swagLabs.testCases.LoginPageMissingCredentialsTest.verifyLoginWithMissingPassword(LoginPageMissingCredentialsTest.java:32)
at java.base/java.util.ArrayList.forEach(ArrayList.java:1511)
... Removed 27 stack frames]]>
    </failure>
  </testcase> <!-- verifyLoginWithMissingPassword -->
  <testcase classname="com.swagLabs.testCases.OrderSuccessTest" name="addItemsToCart" time="1.044"/>
  <testcase classname="com.swagLabs.testCases.OrderSuccessTest" name="proceedToCheckout" time="0.187"/>
  <testcase classname="com.swagLabs.testCases.OrderSuccessTest" name="enterValidDetailsInCheckout" time="1.33"/>
  <testcase classname="com.swagLabs.testCases.OrderSuccessTest" name="completeCheckoutOverview" time="0.091"/>
  <testcase classname="com.swagLabs.testCases.OrderSuccessTest" name="verifyOrderSuccessMessage" time="0.225"/>
  <testcase classname="com.swagLabs.testCases.CartContentsVerificationTest" name="addItemsToTheCart" time="1.042"/>
  <testcase classname="com.swagLabs.testCases.CartContentsVerificationTest" name="testProductsAreDisplayed" time="0.073"/>
  <testcase classname="com.swagLabs.testCases.ContinueShoppingButton" name="addItemsToTheCart" time="0.936"/>
  <testcase classname="com.swagLabs.testCases.ContinueShoppingButton" name="testContinueShoppingButton" time="0.104"/>
  <testcase classname="com.swagLabs.testCases.LoginPageTest" name="verifyLoginWithValidCredentials" time="0.585"/>
  <testcase classname="com.swagLabs.testCases.ProductDetailsVerificationTest" name="applyAllSortingFilters" time="3.331"/>
  <testcase classname="com.swagLabs.testCases.ProductRemovalFromCart" name="addItemsToTheCart" time="0.797"/>
  <testcase classname="com.swagLabs.testCases.ProductRemovalFromCart" name="removeItemsToTheCart" time="40.215"/>
</testsuite> <!-- TestChrome -->
