<html>
<head>
<title>TestNG:  TestChrome</title>
<link href="../testng.css" rel="stylesheet" type="text/css" />
<link href="../my-testng.css" rel="stylesheet" type="text/css" />

<style type="text/css">
.log { display: none;} 
.stack-trace { display: none;} 
</style>
<script type="text/javascript">
<!--
function flip(e) {
  current = e.style.display;
  if (current == 'block') {
    e.style.display = 'none';
    return 0;
  }
  else {
    e.style.display = 'block';
    return 1;
  }
}

function toggleBox(szDivId, elem, msg1, msg2)
{
  var res = -1;  if (document.getElementById) {
    res = flip(document.getElementById(szDivId));
  }
  else if (document.all) {
    // this is the way old msie versions work
    res = flip(document.all[szDivId]);
  }
  if(elem) {
    if(res == 0) elem.innerHTML = msg1; else elem.innerHTML = msg2;
  }

}

function toggleAllBoxes() {
  if (document.getElementsByTagName) {
    d = document.getElementsByTagName('div');
    for (i = 0; i < d.length; i++) {
      if (d[i].className == 'log') {
        flip(d[i]);
      }
    }
  }
}

// -->
</script>

</head>
<body>
<h2 align='center'>TestChrome</h2><table border='1' align="center">
<tr>
<td>Tests passed/Failed/Skipped:</td><td>17/1/0</td>
</tr><tr>
<td>Started on:</td><td>Wed Jan 29 10:18:23 IST 2025</td>
</tr>
<tr><td>Total time:</td><td>208 seconds (208364 ms)</td>
</tr><tr>
<td>Included groups:</td><td></td>
</tr><tr>
<td>Excluded groups:</td><td></td>
</tr>
</table><p/>
<small><i>(Hover the method name to see the test class name)</i></small><p/>
<table width='100%' border='1' class='invocation-failed'>
<tr><td colspan='4' align='center'><b>FAILED TESTS</b></td></tr>
<tr><td><b>Test method</b></td>
<td><b>Attribute(s)</b></td>
<td width="30%"><b>Exception</b></td>
<td width="10%"><b>Time (seconds)</b></td>
<td><b>Instance</b></td>
</tr>
<tr>
<td title='com.swagLabs.testCases.LoginPageMissingCredentialsTest.verifyLoginWithMissingPassword()'><b>verifyLoginWithMissingPassword</b><br>Test class: com.swagLabs.testCases.LoginPageMissingCredentialsTest</td>
<td><div><pre>java.lang.AssertionError: expected:&lt;no such element: Unable to locate element: {&quot;method&quot;:&quot;xpath&quot;,&quot;selector&quot;:&quot;//h3[text()=&apos;Epic sadface: Password is required&apos;]&quot;}
  (Session info: chrome=132.0.6834.111)
For documentation on this error, please visit: https://www.selenium.dev/documentation/webdriver/troubleshooting/errors#no-such-element-exception
Build info: version: &apos;4.15.0&apos;, revision: &apos;1d14b5521b&apos;
System info: os.name: &apos;Windows 10&apos;, os.arch: &apos;amd64&apos;, os.version: &apos;10.0&apos;, java.version: &apos;20.0.2&apos;
Driver info: org.openqa.selenium.chrome.ChromeDriver
Command: [92f47c28097674fc5ee1f95b997a98ac, findElement {using=xpath, value=//h3[text()=&apos;Epic sadface: Password is required&apos;]}]
Capabilities {acceptInsecureCerts: false, browserName: chrome, browserVersion: 132.0.6834.111, chrome: {chromedriverVersion: 132.0.6834.159 (2d77d3fc445..., userDataDir: C:\Users\ADMIN\AppData\Loca...}, fedcm:accounts: true, goog:chromeOptions: {debuggerAddress: localhost:60135}, networkConnectionEnabled: false, pageLoadStrategy: normal, platformName: windows, proxy: Proxy(), se:cdp: ws://localhost:60135/devtoo..., se:cdpVersion: 132.0.6834.111, setWindowRect: true, strictFileInteractability: false, timeouts: {implicit: 0, pageLoad: 300000, script: 30000}, unhandledPromptBehavior: dismiss and notify, webauthn:extension:credBlob: true, webauthn:extension:largeBlob: true, webauthn:extension:minPinLength: true, webauthn:extension:prf: true, webauthn:virtualAuthenticators: true}
Session ID: 92f47c28097674fc5ee1f95b997a98ac&gt; but was:&lt;Epic sadface: Username is required&gt;
	at com.swagLabs.testCases.LoginPageMissingCredentialsTest.verifyLoginWithMissingPassword(LoginPageMissingCredentialsTest.java:32)
	at java.base/java.util.ArrayList.forEach(ArrayList.java:1511)
... Removed 27 stack frames</pre></div><a href='#' onClick='toggleBox("stack-trace638404853", this, "Click to show all stack frames", "Click to hide stack frames")'>Click to show all stack frames</a>
<div class='stack-trace' id='stack-trace638404853'><pre>java.lang.AssertionError: expected:&lt;no such element: Unable to locate element: {&quot;method&quot;:&quot;xpath&quot;,&quot;selector&quot;:&quot;//h3[text()=&apos;Epic sadface: Password is required&apos;]&quot;}
  (Session info: chrome=132.0.6834.111)
For documentation on this error, please visit: https://www.selenium.dev/documentation/webdriver/troubleshooting/errors#no-such-element-exception
Build info: version: &apos;4.15.0&apos;, revision: &apos;1d14b5521b&apos;
System info: os.name: &apos;Windows 10&apos;, os.arch: &apos;amd64&apos;, os.version: &apos;10.0&apos;, java.version: &apos;20.0.2&apos;
Driver info: org.openqa.selenium.chrome.ChromeDriver
Command: [92f47c28097674fc5ee1f95b997a98ac, findElement {using=xpath, value=//h3[text()=&apos;Epic sadface: Password is required&apos;]}]
Capabilities {acceptInsecureCerts: false, browserName: chrome, browserVersion: 132.0.6834.111, chrome: {chromedriverVersion: 132.0.6834.159 (2d77d3fc445..., userDataDir: C:\Users\ADMIN\AppData\Loca...}, fedcm:accounts: true, goog:chromeOptions: {debuggerAddress: localhost:60135}, networkConnectionEnabled: false, pageLoadStrategy: normal, platformName: windows, proxy: Proxy(), se:cdp: ws://localhost:60135/devtoo..., se:cdpVersion: 132.0.6834.111, setWindowRect: true, strictFileInteractability: false, timeouts: {implicit: 0, pageLoad: 300000, script: 30000}, unhandledPromptBehavior: dismiss and notify, webauthn:extension:credBlob: true, webauthn:extension:largeBlob: true, webauthn:extension:minPinLength: true, webauthn:extension:prf: true, webauthn:virtualAuthenticators: true}
Session ID: 92f47c28097674fc5ee1f95b997a98ac&gt; but was:&lt;Epic sadface: Username is required&gt;
	at org.testng.AssertJUnit.assertEquals(AssertJUnit.java:115)
	at org.testng.AssertJUnit.assertEquals(AssertJUnit.java:125)
	at com.swagLabs.testCases.LoginPageMissingCredentialsTest.verifyLoginWithMissingPassword(LoginPageMissingCredentialsTest.java:32)
	at java.base/jdk.internal.reflect.DirectMethodHandleAccessor.invoke(DirectMethodHandleAccessor.java:104)
	at java.base/java.lang.reflect.Method.invoke(Method.java:578)
	at org.testng.internal.invokers.MethodInvocationHelper.invokeMethod(MethodInvocationHelper.java:139)
	at org.testng.internal.invokers.TestInvoker.invokeMethod(TestInvoker.java:664)
	at org.testng.internal.invokers.TestInvoker.invokeTestMethod(TestInvoker.java:227)
	at org.testng.internal.invokers.MethodRunner.runInSequence(MethodRunner.java:50)
	at org.testng.internal.invokers.TestInvoker$MethodInvocationAgent.invoke(TestInvoker.java:957)
	at org.testng.internal.invokers.TestInvoker.invokeTestMethods(TestInvoker.java:200)
	at org.testng.internal.invokers.TestMethodWorker.invokeTestMethods(TestMethodWorker.java:148)
	at org.testng.internal.invokers.TestMethodWorker.run(TestMethodWorker.java:128)
	at java.base/java.util.ArrayList.forEach(ArrayList.java:1511)
	at org.testng.TestRunner.privateRun(TestRunner.java:848)
	at org.testng.TestRunner.run(TestRunner.java:621)
	at org.testng.SuiteRunner.runTest(SuiteRunner.java:443)
	at org.testng.SuiteRunner.runSequentially(SuiteRunner.java:437)
	at org.testng.SuiteRunner.privateRun(SuiteRunner.java:397)
	at org.testng.SuiteRunner.run(SuiteRunner.java:336)
	at org.testng.SuiteRunnerWorker.runSuite(SuiteRunnerWorker.java:52)
	at org.testng.SuiteRunnerWorker.run(SuiteRunnerWorker.java:95)
	at org.testng.TestNG.runSuitesSequentially(TestNG.java:1280)
	at org.testng.TestNG.runSuitesLocally(TestNG.java:1200)
	at org.testng.TestNG.runSuites(TestNG.java:1114)
	at org.testng.TestNG.run(TestNG.java:1082)
	at org.testng.remote.AbstractRemoteTestNG.run(AbstractRemoteTestNG.java:115)
	at org.testng.remote.RemoteTestNG.initAndRun(RemoteTestNG.java:293)
	at org.testng.remote.RemoteTestNG.main(RemoteTestNG.java:91)
</pre></div></td>
<td>40</td>
<td>com.swagLabs.testCases.LoginPageMissingCredentialsTest@1a45193b</td></tr>
</table><p>
<table width='100%' border='1' class='invocation-passed'>
<tr><td colspan='4' align='center'><b>PASSED TESTS</b></td></tr>
<tr><td><b>Test method</b></td>
<td><b>Attribute(s)</b></td>
<td width="30%"><b>Exception</b></td>
<td width="10%"><b>Time (seconds)</b></td>
<td><b>Instance</b></td>
</tr>
<tr>
<td title='com.swagLabs.testCases.OrderSuccessTest.proceedToCheckout()'><b>proceedToCheckout</b><br>Test class: com.swagLabs.testCases.OrderSuccessTest</td>
<td></td>
<td>0</td>
<td>com.swagLabs.testCases.OrderSuccessTest@5c530d1e</td></tr>
<tr>
<td title='com.swagLabs.testCases.ContinueShoppingButton.addItemsToTheCart()'><b>addItemsToTheCart</b><br>Test class: com.swagLabs.testCases.ContinueShoppingButton</td>
<td></td>
<td>0</td>
<td>com.swagLabs.testCases.ContinueShoppingButton@85e6769</td></tr>
<tr>
<td title='com.swagLabs.testCases.CartContentsVerificationTest.addItemsToTheCart()'><b>addItemsToTheCart</b><br>Test class: com.swagLabs.testCases.CartContentsVerificationTest</td>
<td></td>
<td>1</td>
<td>com.swagLabs.testCases.CartContentsVerificationTest@6c25e6c4</td></tr>
<tr>
<td title='com.swagLabs.testCases.AddToCartFunctionalityTest.addItemsToTheCart()'><b>addItemsToTheCart</b><br>Test class: com.swagLabs.testCases.AddToCartFunctionalityTest</td>
<td></td>
<td>3</td>
<td>com.swagLabs.testCases.AddToCartFunctionalityTest@424fd310</td></tr>
<tr>
<td title='com.swagLabs.testCases.LoginPageTest.verifyLoginWithValidCredentials()'><b>verifyLoginWithValidCredentials</b><br>Test class: com.swagLabs.testCases.LoginPageTest</td>
<td></td>
<td>0</td>
<td>com.swagLabs.testCases.LoginPageTest@c5ee75e</td></tr>
<tr>
<td title='com.swagLabs.testCases.ContinueShoppingButton.testContinueShoppingButton()'><b>testContinueShoppingButton</b><br>Test class: com.swagLabs.testCases.ContinueShoppingButton</td>
<td></td>
<td>0</td>
<td>com.swagLabs.testCases.ContinueShoppingButton@85e6769</td></tr>
<tr>
<td title='com.swagLabs.testCases.OrderSuccessTest.completeCheckoutOverview()'><b>completeCheckoutOverview</b><br>Test class: com.swagLabs.testCases.OrderSuccessTest</td>
<td></td>
<td>0</td>
<td>com.swagLabs.testCases.OrderSuccessTest@5c530d1e</td></tr>
<tr>
<td title='com.swagLabs.testCases.ProductDetailsVerificationTest.applyAllSortingFilters()'><b>applyAllSortingFilters</b><br>Test class: com.swagLabs.testCases.ProductDetailsVerificationTest</td>
<td></td>
<td>3</td>
<td>com.swagLabs.testCases.ProductDetailsVerificationTest@6e6d5d29</td></tr>
<tr>
<td title='com.swagLabs.testCases.LoginPageElementVerification.verifyLoginPageElements()'><b>verifyLoginPageElements</b><br>Test class: com.swagLabs.testCases.LoginPageElementVerification</td>
<td></td>
<td>0</td>
<td>com.swagLabs.testCases.LoginPageElementVerification@3f390d63</td></tr>
<tr>
<td title='com.swagLabs.testCases.OrderSuccessTest.enterValidDetailsInCheckout()'><b>enterValidDetailsInCheckout</b><br>Test class: com.swagLabs.testCases.OrderSuccessTest</td>
<td></td>
<td>1</td>
<td>com.swagLabs.testCases.OrderSuccessTest@5c530d1e</td></tr>
<tr>
<td title='com.swagLabs.testCases.LoginPageMissingCredentialsTest.verifyLoginWithMissingUsernameAndPassword()'><b>verifyLoginWithMissingUsernameAndPassword</b><br>Test class: com.swagLabs.testCases.LoginPageMissingCredentialsTest</td>
<td></td>
<td>0</td>
<td>com.swagLabs.testCases.LoginPageMissingCredentialsTest@1a45193b</td></tr>
<tr>
<td title='com.swagLabs.testCases.ProductRemovalFromCart.addItemsToTheCart()'><b>addItemsToTheCart</b><br>Test class: com.swagLabs.testCases.ProductRemovalFromCart</td>
<td></td>
<td>0</td>
<td>com.swagLabs.testCases.ProductRemovalFromCart@48a12036</td></tr>
<tr>
<td title='com.swagLabs.testCases.CartContentsVerificationTest.testProductsAreDisplayed()'><b>testProductsAreDisplayed</b><br>Test class: com.swagLabs.testCases.CartContentsVerificationTest</td>
<td></td>
<td>0</td>
<td>com.swagLabs.testCases.CartContentsVerificationTest@6c25e6c4</td></tr>
<tr>
<td title='com.swagLabs.testCases.OrderSuccessTest.addItemsToCart()'><b>addItemsToCart</b><br>Test class: com.swagLabs.testCases.OrderSuccessTest</td>
<td></td>
<td>1</td>
<td>com.swagLabs.testCases.OrderSuccessTest@5c530d1e</td></tr>
<tr>
<td title='com.swagLabs.testCases.LoginPageFieldVerification.verifyLoginPageFieldVerification()'><b>verifyLoginPageFieldVerification</b><br>Test class: com.swagLabs.testCases.LoginPageFieldVerification</td>
<td></td>
<td>4</td>
<td>com.swagLabs.testCases.LoginPageFieldVerification@47a5b70d</td></tr>
<tr>
<td title='com.swagLabs.testCases.OrderSuccessTest.verifyOrderSuccessMessage()'><b>verifyOrderSuccessMessage</b><br>Test class: com.swagLabs.testCases.OrderSuccessTest</td>
<td></td>
<td>0</td>
<td>com.swagLabs.testCases.OrderSuccessTest@5c530d1e</td></tr>
<tr>
<td title='com.swagLabs.testCases.ProductRemovalFromCart.removeItemsToTheCart()'><b>removeItemsToTheCart</b><br>Test class: com.swagLabs.testCases.ProductRemovalFromCart</td>
<td></td>
<td>40</td>
<td>com.swagLabs.testCases.ProductRemovalFromCart@48a12036</td></tr>
</table><p>
</body>
</html>